TN:
SF:src\components\AvatarPicker\AvatarPicker.tsx
FN:9,AvatarPicker
FN:29,onClick
FNF:2
FNH:2
FNDA:55,AvatarPicker
FNDA:2,onClick
DA:1,1
DA:9,1
DA:10,55
DA:11,55
DA:12,55
DA:13,55
DA:14,55
DA:16,55
DA:17,660
DA:18,660
DA:19,660
DA:20,660
DA:21,660
DA:22,660
DA:23,660
DA:24,660
DA:25,660
DA:26,660
DA:27,660
DA:28,660
DA:29,660
DA:31,660
DA:32,660
DA:33,55
DA:34,55
DA:36,55
LF:26
LH:26
BRDA:9,0,0,55
BRDA:16,1,0,660
BRDA:24,2,0,2
BRDA:24,3,0,658
BRDA:29,4,0,2
BRF:5
BRH:5
end_of_record
TN:
SF:src\components\FilterSortBar\FilterSortBar.tsx
FN:10,FilterSortBar
FN:31,onChange
FN:51,onChange
FN:70,onChange
FN:88,onChange
FNF:5
FNH:5
FNDA:43,FilterSortBar
FNDA:4,onChange
FNDA:1,onChange
FNDA:1,onChange
FNDA:3,onChange
DA:1,1
DA:10,1
DA:11,43
DA:12,43
DA:13,43
DA:14,43
DA:15,43
DA:16,43
DA:17,43
DA:18,43
DA:20,43
DA:21,43
DA:22,43
DA:23,43
DA:25,43
DA:26,43
DA:27,43
DA:28,43
DA:29,43
DA:30,43
DA:31,43
DA:33,43
DA:34,43
DA:35,111
DA:36,111
DA:37,111
DA:38,43
DA:39,43
DA:40,43
DA:42,43
DA:43,43
DA:45,43
DA:46,43
DA:47,43
DA:48,43
DA:49,43
DA:50,43
DA:51,43
DA:53,43
DA:54,43
DA:55,43
DA:56,43
DA:57,43
DA:58,43
DA:59,43
DA:61,43
DA:62,43
DA:64,43
DA:65,43
DA:66,43
DA:67,43
DA:68,43
DA:69,43
DA:70,43
DA:72,43
DA:73,43
DA:74,43
DA:75,43
DA:76,43
DA:77,43
DA:79,43
DA:80,43
DA:82,43
DA:83,43
DA:84,43
DA:85,43
DA:86,43
DA:87,43
DA:88,43
DA:89,3
DA:90,3
DA:91,3
DA:92,3
DA:95,43
DA:96,43
DA:97,43
DA:98,43
DA:99,43
DA:100,43
DA:101,43
DA:102,43
DA:103,43
DA:105,43
LF:83
LH:83
BRDA:10,0,0,43
BRDA:31,1,0,4
BRDA:34,2,0,111
BRDA:51,3,0,1
BRDA:70,4,0,1
BRDA:88,5,0,3
BRF:6
BRH:6
end_of_record
TN:
SF:src\components\KioskHome\KioskHome.tsx
FN:13,KioskHome
FN:17,handlePlayerSelect
FN:30,handlePinSuccess
FN:35,handlePinCancel
FNF:4
FNH:4
FNDA:11,KioskHome
FNDA:4,handlePlayerSelect
FNDA:1,handlePinSuccess
FNDA:1,handlePinCancel
DA:1,1
DA:13,1
DA:14,11
DA:15,11
DA:17,11
DA:18,4
DA:19,4
DA:21,4
DA:23,3
DA:24,4
DA:26,1
DA:27,1
DA:28,4
DA:30,11
DA:31,1
DA:32,1
DA:33,1
DA:35,11
DA:36,1
DA:37,1
DA:39,11
DA:40,11
DA:41,11
DA:42,11
DA:43,11
DA:44,15
DA:45,15
DA:46,15
DA:47,15
DA:48,15
DA:49,11
DA:50,11
DA:52,11
DA:53,3
DA:54,3
DA:55,3
DA:56,3
DA:57,3
DA:58,3
DA:60,11
DA:62,11
LF:41
LH:41
BRDA:13,0,0,11
BRDA:52,1,0,3
BRDA:17,2,0,4
BRDA:19,3,0,0
BRDA:21,4,0,3
BRDA:24,5,0,1
BRDA:18,6,0,4
BRDA:30,7,0,1
BRDA:35,8,0,1
BRDA:43,9,0,15
BRF:10
BRH:9
end_of_record
TN:
SF:src\components\NumPad\NumPad.tsx
FN:11,NumPad
FN:20,onClick
FN:31,onClick
FNF:3
FNH:3
FNDA:274,NumPad
FNDA:325,onClick
FNDA:1,onClick
DA:1,1
DA:9,1
DA:11,1
DA:12,274
DA:13,274
DA:14,274
DA:15,2466
DA:16,2466
DA:17,2466
DA:18,2466
DA:19,2466
DA:20,2466
DA:22,2466
DA:23,2466
DA:24,274
DA:26,274
DA:27,274
DA:28,274
DA:29,274
DA:30,274
DA:31,274
DA:32,274
DA:34,274
DA:35,274
DA:36,274
DA:37,274
DA:38,274
DA:39,274
DA:40,274
DA:42,274
DA:43,274
DA:45,274
LF:32
LH:32
BRDA:11,0,0,274
BRDA:14,1,0,2466
BRDA:20,2,0,325
BRDA:31,3,0,1
BRF:4
BRH:4
end_of_record
TN:
SF:src\components\ParentReauthScreen\ParentReauthScreen.tsx
FN:16,ParentReauthScreen
FNF:1
FNH:1
FNDA:15,ParentReauthScreen
DA:1,1
DA:5,1
DA:6,1
DA:7,1
DA:16,1
DA:17,15
DA:18,15
DA:19,15
DA:20,15
DA:21,15
DA:22,15
DA:24,15
DA:25,15
DA:26,9
DA:27,8
DA:29,15
DA:30,15
DA:31,12
DA:33,12
DA:34,12
DA:36,12
DA:37,3
DA:38,3
DA:40,3
DA:41,3
DA:42,3
DA:43,1
DA:44,1
DA:45,1
DA:46,1
DA:47,1
DA:48,3
DA:49,2
DA:50,2
DA:51,2
DA:52,0
DA:53,0
DA:54,0
DA:55,2
DA:56,2
DA:57,3
DA:58,3
DA:60,12
DA:61,12
DA:62,12
DA:63,15
DA:64,15
DA:66,15
DA:67,0
DA:68,0
DA:69,15
DA:71,15
DA:72,15
DA:74,15
DA:75,15
DA:77,15
DA:78,15
DA:79,15
DA:80,15
DA:81,15
DA:82,15
DA:83,15
DA:84,15
DA:85,15
DA:86,15
DA:87,15
DA:89,15
LF:67
LH:62
BRDA:16,0,0,15
BRDA:25,1,0,9
BRDA:26,2,0,8
BRDA:72,3,0,2
BRDA:72,4,0,13
BRDA:75,5,0,1
BRDA:75,6,0,14
BRDA:75,7,0,2
BRDA:75,8,0,12
BRDA:30,9,0,12
BRDA:31,10,0,0
BRDA:33,11,0,12
BRDA:36,12,0,3
BRDA:41,13,0,3
BRDA:42,14,0,1
BRDA:48,15,0,2
BRDA:45,16,0,1
BRF:17
BRH:16
end_of_record
TN:
SF:src\components\PinDots\PinDots.tsx
FN:10,PinDots
FNF:1
FNH:1
FNDA:274,PinDots
DA:1,1
DA:8,1
DA:10,1
DA:11,274
DA:12,274
DA:13,274
DA:14,274
DA:15,274
DA:16,274
DA:17,274
DA:19,274
DA:20,274
DA:21,274
DA:22,274
DA:23,274
DA:24,274
DA:26,274
DA:27,1096
DA:28,1096
DA:29,1096
DA:30,1096
DA:31,1096
DA:32,1096
DA:33,1096
DA:34,1096
DA:36,274
DA:37,274
DA:39,274
LF:28
LH:28
BRDA:10,0,0,274
BRDA:13,1,0,34
BRDA:13,2,0,240
BRDA:14,3,0,7
BRDA:14,4,0,267
BRDA:26,5,0,1096
BRDA:32,6,0,451
BRDA:32,7,0,645
BRDA:33,8,0,451
BRDA:33,9,0,645
BRF:10
BRH:10
end_of_record
TN:
SF:src\components\PlayerCard\PlayerCard.tsx
FN:11,PlayerCard
FN:19,onClick
FNF:2
FNH:2
FNDA:23,PlayerCard
FNDA:5,onClick
DA:1,1
DA:11,1
DA:12,23
DA:13,23
DA:15,23
DA:16,23
DA:17,23
DA:18,23
DA:19,23
DA:21,23
DA:22,23
DA:23,23
DA:24,23
DA:26,23
LF:14
LH:14
BRDA:11,0,0,23
BRDA:12,1,0,22
BRDA:19,2,0,5
BRF:3
BRH:3
end_of_record
TN:
SF:src\components\PlayerHero\PlayerHero.tsx
FN:9,PlayerHero
FNF:1
FNH:1
FNDA:36,PlayerHero
DA:1,1
DA:9,1
DA:10,36
DA:11,36
DA:13,36
DA:14,36
DA:15,36
DA:16,36
DA:17,36
DA:19,36
DA:20,36
DA:22,36
DA:23,36
DA:24,36
DA:26,36
DA:27,36
DA:28,36
DA:29,36
DA:30,36
DA:31,36
DA:32,36
DA:34,36
DA:35,36
DA:36,36
DA:37,36
DA:38,36
DA:40,36
DA:41,36
DA:42,1
DA:43,35
DA:44,36
DA:45,36
DA:47,36
DA:48,36
DA:49,36
DA:50,36
DA:51,36
DA:52,36
DA:53,36
DA:54,36
DA:55,9
DA:57,9
DA:59,36
DA:60,36
DA:62,36
LF:45
LH:45
BRDA:9,0,0,36
BRDA:19,1,0,0
BRDA:41,2,0,1
BRDA:42,3,0,35
BRDA:54,4,0,9
BRF:5
BRH:4
end_of_record
TN:
SF:src\components\PlayerPinOverlay\PlayerPinOverlay.tsx
FN:24,formatCountdown
FN:31,PlayerPinOverlay
FN:55,update
FNF:3
FNH:3
FNDA:4,formatCountdown
FNDA:161,PlayerPinOverlay
FNDA:5,update
DA:1,1
DA:8,1
DA:9,1
DA:10,1
DA:11,1
DA:12,1
DA:24,4
DA:25,4
DA:26,4
DA:27,4
DA:28,4
DA:29,4
DA:31,1
DA:32,161
DA:33,161
DA:34,161
DA:35,161
DA:36,161
DA:37,161
DA:38,161
DA:39,161
DA:40,161
DA:41,161
DA:42,161
DA:45,161
DA:46,161
DA:47,161
DA:49,161
DA:52,161
DA:53,22
DA:55,4
DA:56,5
DA:57,5
DA:58,1
DA:59,1
DA:60,1
DA:61,1
DA:62,1
DA:63,5
DA:64,4
DA:65,4
DA:66,5
DA:68,4
DA:69,4
DA:70,4
DA:71,161
DA:73,161
DA:74,161
DA:75,149
DA:76,81
DA:77,78
DA:79,161
DA:80,161
DA:81,136
DA:82,136
DA:84,136
DA:85,136
DA:87,136
DA:89,34
DA:90,34
DA:92,34
DA:93,34
DA:94,34
DA:95,3
DA:96,3
DA:97,3
DA:98,3
DA:99,3
DA:100,3
DA:101,3
DA:102,34
DA:103,31
DA:104,31
DA:106,31
DA:107,31
DA:108,31
DA:110,31
DA:111,4
DA:112,4
DA:113,4
DA:114,4
DA:116,31
DA:117,30
DA:118,30
DA:119,30
DA:120,31
DA:121,31
DA:122,34
DA:123,34
DA:125,136
DA:126,136
DA:127,136
DA:128,161
DA:129,161
DA:131,161
DA:132,0
DA:133,0
DA:134,161
DA:136,161
DA:137,161
DA:139,161
DA:140,161
DA:142,161
DA:143,12
DA:144,12
DA:145,12
DA:146,12
DA:147,12
DA:148,12
DA:149,12
DA:151,12
DA:152,12
DA:153,12
DA:154,12
DA:156,12
DA:157,12
DA:158,12
DA:159,12
DA:160,12
DA:162,12
DA:163,12
DA:164,12
DA:166,12
DA:168,149
DA:169,149
DA:170,149
DA:171,149
DA:172,161
DA:173,161
DA:174,161
DA:176,161
DA:177,161
DA:178,161
DA:180,161
DA:182,161
DA:183,161
DA:184,161
DA:185,161
DA:186,161
DA:188,161
DA:189,161
DA:190,161
DA:191,161
DA:192,161
DA:194,161
DA:195,161
DA:196,161
DA:198,161
LF:148
LH:146
BRDA:24,0,0,4
BRDA:31,1,0,161
BRDA:49,2,0,12
BRDA:74,3,0,149
BRDA:75,4,0,81
BRDA:76,5,0,78
BRDA:137,6,0,35
BRDA:137,7,0,126
BRDA:140,8,0,3
BRDA:140,9,0,158
BRDA:140,10,0,35
BRDA:140,11,0,123
BRDA:142,12,0,12
BRDA:166,13,0,149
BRDA:52,14,0,22
BRDA:53,15,0,4
BRDA:53,16,0,18
BRDA:53,17,0,4
BRDA:55,18,0,5
BRDA:57,19,0,1
BRDA:63,20,0,4
BRDA:70,21,0,4
BRDA:80,22,0,136
BRDA:81,23,0,0
BRDA:82,24,0,0
BRDA:82,25,0,0
BRDA:84,26,0,136
BRDA:87,27,0,34
BRDA:93,28,0,34
BRDA:94,29,0,3
BRDA:102,30,0,31
BRDA:110,31,0,4
BRDA:99,32,0,3
BRDA:116,33,0,30
BRF:34
BRH:31
end_of_record
TN:
SF:src\components\PlayerSwitcher\PlayerSwitcher.tsx
FN:10,PlayerSwitcher
FN:25,onClick
FNF:2
FNH:2
FNDA:29,PlayerSwitcher
FNDA:1,onClick
DA:1,1
DA:10,1
DA:11,29
DA:12,29
DA:13,29
DA:14,29
DA:15,29
DA:16,29
DA:17,29
DA:18,29
DA:19,29
DA:20,32
DA:21,32
DA:22,32
DA:23,32
DA:24,32
DA:25,32
DA:26,32
DA:27,32
DA:29,32
DA:30,32
DA:32,29
DA:33,29
DA:34,29
DA:36,29
LF:25
LH:25
BRDA:10,0,0,29
BRDA:19,1,0,32
BRDA:27,2,0,28
BRDA:27,3,0,4
BRDA:25,4,0,1
BRF:5
BRH:5
end_of_record
TN:
SF:src\components\QuestBoard\QuestBoard.tsx
FN:21,QuestBoard
FN:54,onBack
FN:69,onClick
FN:87,onClaim
FNF:4
FNH:4
FNDA:32,QuestBoard
FNDA:1,onBack
FNDA:2,onClick
FNDA:2,onClaim
DA:1,1
DA:21,1
DA:22,32
DA:23,32
DA:24,32
DA:25,32
DA:26,32
DA:27,32
DA:28,32
DA:29,32
DA:32,32
DA:33,1
DA:34,1
DA:35,1
DA:36,1
DA:37,1
DA:38,1
DA:39,1
DA:40,1
DA:41,1
DA:43,1
DA:45,31
DA:46,32
DA:47,1
DA:48,1
DA:50,32
DA:51,2
DA:52,2
DA:53,2
DA:54,2
DA:55,2
DA:57,2
DA:59,28
DA:60,28
DA:61,28
DA:63,28
DA:64,28
DA:65,28
DA:67,28
DA:68,28
DA:69,28
DA:70,28
DA:71,28
DA:73,28
DA:75,28
DA:76,28
DA:77,28
DA:78,28
DA:79,28
DA:81,28
DA:82,28
DA:83,28
DA:84,41
DA:85,41
DA:86,41
DA:87,41
DA:88,2
DA:89,2
DA:90,2
DA:91,2
DA:92,2
DA:94,41
DA:95,41
DA:96,28
DA:97,28
DA:98,28
DA:100,28
DA:101,28
DA:102,28
DA:103,28
DA:104,28
DA:105,28
DA:106,28
DA:107,28
DA:109,28
LF:75
LH:75
BRDA:21,0,0,32
BRDA:32,1,0,1
BRDA:43,2,0,31
BRDA:46,3,0,1
BRDA:48,4,0,30
BRDA:50,5,0,2
BRDA:57,6,0,28
BRDA:45,7,0,32
BRDA:54,8,0,1
BRDA:59,9,0,46
BRDA:69,10,0,2
BRDA:83,11,0,41
BRDA:87,12,0,2
BRF:13
BRH:13
end_of_record
TN:
SF:src\components\QuestCard\QuestCard.tsx
FN:12,QuestCard
FNF:1
FNH:1
FNDA:61,QuestCard
DA:1,1
DA:12,1
DA:13,61
DA:14,61
DA:15,61
DA:16,61
DA:18,61
DA:19,61
DA:20,61
DA:21,61
DA:22,61
DA:23,61
DA:24,61
DA:26,61
LF:14
LH:14
BRDA:12,0,0,61
BRF:1
BRH:1
end_of_record
TN:
SF:src\components\QuestCard\QuestCardAction.tsx
FN:10,QuestCardAction
FN:46,onClick
FNF:2
FNH:2
FNDA:61,QuestCardAction
FNDA:4,onClick
DA:1,1
DA:10,1
DA:11,61
DA:12,61
DA:13,61
DA:14,61
DA:16,61
DA:17,6
DA:18,6
DA:19,6
DA:20,6
DA:21,6
DA:22,6
DA:23,6
DA:24,6
DA:25,6
DA:27,6
DA:29,61
DA:30,4
DA:31,4
DA:32,4
DA:33,4
DA:34,4
DA:35,4
DA:36,4
DA:37,4
DA:38,4
DA:40,4
DA:43,51
DA:44,51
DA:45,51
DA:46,51
DA:47,51
DA:48,51
DA:49,51
DA:50,51
DA:51,51
DA:53,51
DA:54,51
DA:56,51
LF:40
LH:40
BRDA:10,0,0,61
BRDA:16,1,0,6
BRDA:27,2,0,55
BRDA:29,3,0,4
BRDA:40,4,0,51
BRDA:46,5,0,4
BRDA:46,6,0,3
BRF:7
BRH:7
end_of_record
TN:
SF:src\components\QuestCard\QuestCardHeader.tsx
FN:8,QuestCardHeader
FNF:1
FNH:1
FNDA:61,QuestCardHeader
DA:1,1
DA:8,1
DA:9,61
DA:10,61
DA:12,61
DA:13,61
DA:14,61
DA:15,61
DA:16,61
DA:17,61
DA:18,61
DA:19,61
DA:20,61
DA:21,61
DA:22,61
DA:23,61
DA:24,61
DA:26,61
DA:27,183
DA:28,183
DA:29,183
DA:30,183
DA:31,183
DA:33,183
DA:34,61
DA:35,61
DA:36,61
DA:37,61
DA:38,61
DA:40,61
LF:30
LH:30
BRDA:8,0,0,61
BRDA:26,1,0,183
BRDA:29,2,0,81
BRDA:29,3,0,102
BRF:4
BRH:4
end_of_record
TN:
SF:src\components\QuestCard\QuestCardRewards.tsx
FN:8,QuestCardRewards
FNF:1
FNH:1
FNDA:61,QuestCardRewards
DA:1,1
DA:8,1
DA:9,61
DA:10,61
DA:11,61
DA:12,61
DA:13,61
DA:14,61
DA:15,61
DA:16,61
DA:17,61
DA:18,61
DA:19,61
DA:20,61
DA:22,61
LF:15
LH:15
BRDA:8,0,0,61
BRF:1
BRH:1
end_of_record
TN:
SF:src\components\RedeemConfirmModal\RedeemConfirmModal.tsx
FN:21,RedeemConfirmModal
FNF:1
FNH:1
FNDA:28,RedeemConfirmModal
DA:1,1
DA:8,1
DA:9,1
DA:21,1
DA:22,28
DA:23,28
DA:24,28
DA:25,28
DA:26,28
DA:27,28
DA:28,28
DA:29,28
DA:30,28
DA:32,28
DA:33,28
DA:34,18
DA:35,16
DA:37,28
DA:38,28
DA:39,20
DA:41,20
DA:42,20
DA:44,20
DA:45,5
DA:46,5
DA:48,5
DA:49,5
DA:50,5
DA:51,3
DA:52,3
DA:53,3
DA:54,5
DA:55,2
DA:56,2
DA:57,2
DA:58,0
DA:59,0
DA:60,0
DA:61,2
DA:62,2
DA:63,5
DA:64,5
DA:66,20
DA:67,20
DA:68,20
DA:69,28
DA:70,28
DA:72,28
DA:73,0
DA:74,0
DA:75,28
DA:77,28
DA:78,28
DA:80,28
DA:81,28
DA:83,28
DA:84,28
DA:85,28
DA:86,28
DA:87,28
DA:88,28
DA:90,28
DA:91,28
DA:93,28
DA:94,28
DA:95,28
DA:96,28
DA:97,28
DA:98,28
DA:99,28
DA:100,28
DA:102,28
DA:103,28
DA:104,28
DA:106,28
DA:108,28
DA:109,28
DA:110,28
DA:111,28
DA:112,28
DA:114,28
DA:115,28
DA:116,28
DA:117,28
DA:118,28
DA:120,28
DA:121,28
DA:122,28
DA:124,28
LF:89
LH:84
BRDA:21,0,0,28
BRDA:33,1,0,18
BRDA:34,2,0,16
BRDA:78,3,0,2
BRDA:78,4,0,26
BRDA:81,5,0,1
BRDA:81,6,0,27
BRDA:81,7,0,2
BRDA:81,8,0,25
BRDA:38,9,0,20
BRDA:39,10,0,0
BRDA:41,11,0,20
BRDA:44,12,0,5
BRDA:49,13,0,5
BRDA:50,14,0,3
BRDA:54,15,0,2
BRF:16
BRH:15
end_of_record
TN:
SF:src\components\RewardCard\RewardCard.tsx
FN:11,RewardCard
FN:15,nowFn
FN:29,renderStatus
FN:55,onClick
FNF:4
FNH:3
FNDA:45,RewardCard
FNDA:0,nowFn
FNDA:44,renderStatus
FNDA:5,onClick
DA:1,1
DA:11,1
DA:12,45
DA:13,45
DA:14,45
DA:15,45
DA:16,45
DA:18,45
DA:19,1
DA:20,1
DA:22,45
DA:23,45
DA:24,45
DA:26,45
DA:27,45
DA:29,45
DA:30,44
DA:31,2
DA:32,2
DA:34,2
DA:36,2
DA:37,44
DA:38,2
DA:39,2
DA:41,2
DA:43,2
DA:44,44
DA:45,17
DA:46,17
DA:48,17
DA:50,17
DA:51,23
DA:52,23
DA:53,23
DA:54,23
DA:55,23
DA:56,23
DA:58,23
DA:60,44
DA:62,45
DA:63,45
DA:64,45
DA:65,45
DA:66,45
DA:67,45
DA:68,45
DA:69,45
DA:70,45
DA:71,45
DA:72,45
DA:73,45
DA:74,45
DA:75,45
DA:76,1
DA:77,1
DA:78,1
DA:80,45
DA:81,1
DA:82,1
DA:83,1
DA:85,45
DA:86,45
DA:88,45
LF:63
LH:63
BRDA:11,0,0,45
BRDA:18,1,0,1
BRDA:20,2,0,44
BRDA:22,3,0,3
BRDA:26,4,0,42
BRDA:26,5,0,40
BRDA:27,6,0,21
BRDA:27,7,0,23
BRDA:75,8,0,3
BRDA:75,9,0,1
BRDA:80,10,0,3
BRDA:80,11,0,1
BRDA:29,12,0,44
BRDA:30,13,0,2
BRDA:36,14,0,42
BRDA:37,15,0,2
BRDA:43,16,0,40
BRDA:44,17,0,29
BRDA:44,18,0,17
BRDA:50,19,0,23
BRDA:55,20,0,5
BRF:21
BRH:21
end_of_record
TN:
SF:src\components\RewardShop\RewardShop.tsx
FN:16,RewardShop
FN:40,handleRedeem
FN:45,handleCancel
FN:49,handleConfirm
FNF:4
FNH:4
FNDA:18,RewardShop
FNDA:4,handleRedeem
FNDA:1,handleCancel
FNDA:2,handleConfirm
DA:1,1
DA:16,1
DA:17,18
DA:18,18
DA:19,18
DA:20,18
DA:21,18
DA:22,18
DA:23,18
DA:24,18
DA:26,18
DA:27,18
DA:28,1
DA:29,1
DA:31,17
DA:32,17
DA:33,17
DA:34,17
DA:36,17
DA:37,4
DA:38,13
DA:40,18
DA:41,4
DA:42,4
DA:43,4
DA:45,18
DA:46,1
DA:47,1
DA:49,18
DA:50,2
DA:51,2
DA:52,2
DA:53,2
DA:54,2
DA:55,2
DA:56,2
DA:57,2
DA:58,2
DA:59,2
DA:61,18
DA:62,18
DA:63,18
DA:65,18
DA:66,2
DA:67,2
DA:68,2
DA:69,2
DA:70,2
DA:72,2
DA:75,18
DA:76,18
DA:77,30
DA:78,30
DA:79,30
DA:80,30
DA:81,30
DA:82,30
DA:83,30
DA:84,18
DA:85,18
DA:87,18
DA:88,4
DA:89,4
DA:90,4
DA:91,4
DA:92,4
DA:93,4
DA:94,4
DA:96,18
DA:98,18
LF:70
LH:70
BRDA:16,0,0,18
BRDA:27,1,0,1
BRDA:29,2,0,17
BRDA:36,3,0,4
BRDA:37,4,0,0
BRDA:37,5,0,13
BRDA:65,6,0,2
BRDA:87,7,0,4
BRDA:26,8,0,18
BRDA:33,9,0,30
BRDA:33,10,0,0
BRDA:37,11,0,4
BRDA:40,12,0,4
BRDA:45,13,0,1
BRDA:49,14,0,2
BRDA:76,15,0,30
BRF:16
BRH:14
end_of_record
TN:
SF:src\components\RewardShopHeader\RewardShopHeader.tsx
FN:10,RewardShopHeader
FNF:1
FNH:1
FNDA:22,RewardShopHeader
DA:1,1
DA:10,1
DA:11,22
DA:13,22
DA:14,22
DA:15,22
DA:16,22
DA:17,22
DA:18,22
DA:19,22
DA:21,22
DA:23,22
DA:24,22
DA:25,22
DA:26,22
DA:28,22
DA:29,22
DA:30,22
DA:32,22
DA:33,22
DA:34,22
DA:35,22
DA:37,22
LF:23
LH:23
BRDA:10,0,0,22
BRF:1
BRH:1
end_of_record
TN:
SF:src\components\SetupWizard\SetupWizard.tsx
FN:40,ParentPinStep
FN:164,AddPlayersStep
FN:230,onChange
FN:295,AddQuestsStep
FN:299,toggleTemplate
FN:311,handleNext
FN:350,onClick
FN:392,AddRewardsStep
FN:396,toggleTemplate
FN:408,handleNext
FN:444,onClick
FN:479,SetupWizard
FN:507,onClick
FN:517,onBack
FN:523,onNext
FN:524,onBack
FN:530,onNext
FN:531,onBack
FN:537,onNext
FN:538,onBack
FNF:20
FNH:18
FNDA:110,ParentPinStep
FNDA:47,AddPlayersStep
FNDA:12,onChange
FNDA:13,AddQuestsStep
FNDA:3,toggleTemplate
FNDA:1,handleNext
FNDA:3,onClick
FNDA:11,AddRewardsStep
FNDA:3,toggleTemplate
FNDA:1,handleNext
FNDA:3,onClick
FNDA:87,SetupWizard
FNDA:22,onClick
FNDA:1,onBack
FNDA:10,onNext
FNDA:1,onBack
FNDA:8,onNext
FNDA:0,onBack
FNDA:4,onNext
FNDA:0,onBack
DA:1,1
DA:16,1
DA:18,1
DA:19,1
DA:20,1
DA:21,1
DA:22,1
DA:23,1
DA:25,1
DA:26,1
DA:27,1
DA:28,1
DA:29,1
DA:40,110
DA:41,110
DA:42,110
DA:43,110
DA:44,110
DA:45,110
DA:46,110
DA:48,110
DA:49,110
DA:50,110
DA:52,110
DA:53,110
DA:54,152
DA:56,152
DA:57,76
DA:58,76
DA:59,76
DA:60,76
DA:61,76
DA:62,19
DA:63,19
DA:64,19
DA:65,19
DA:66,76
DA:67,76
DA:68,76
DA:69,76
DA:70,76
DA:71,76
DA:72,76
DA:73,19
DA:74,19
DA:75,19
DA:76,1
DA:77,1
DA:78,1
DA:79,1
DA:80,1
DA:81,1
DA:82,1
DA:83,19
DA:84,18
DA:85,18
DA:86,18
DA:87,18
DA:88,18
DA:89,18
DA:90,18
DA:91,18
DA:92,18
DA:93,19
DA:94,57
DA:95,76
DA:96,76
DA:97,152
DA:98,110
DA:99,110
DA:101,110
DA:102,0
DA:103,0
DA:104,0
DA:105,0
DA:106,0
DA:107,0
DA:108,0
DA:109,0
DA:110,0
DA:111,0
DA:112,0
DA:113,0
DA:114,0
DA:115,0
DA:116,0
DA:117,110
DA:119,110
DA:120,110
DA:121,110
DA:123,110
DA:124,110
DA:125,110
DA:127,110
DA:128,110
DA:130,110
DA:132,110
DA:133,2
DA:134,2
DA:135,2
DA:138,110
DA:139,110
DA:140,110
DA:141,110
DA:142,110
DA:143,110
DA:144,110
DA:146,110
DA:147,110
DA:148,110
DA:149,110
DA:150,110
DA:152,110
DA:153,110
DA:155,110
DA:164,47
DA:165,47
DA:166,47
DA:167,47
DA:168,47
DA:169,47
DA:170,47
DA:172,47
DA:173,12
DA:174,12
DA:176,12
DA:177,12
DA:178,12
DA:179,1
DA:180,1
DA:182,12
DA:183,12
DA:184,12
DA:185,12
DA:186,12
DA:187,12
DA:188,12
DA:189,12
DA:190,12
DA:191,12
DA:192,12
DA:193,12
DA:194,12
DA:195,12
DA:196,12
DA:197,12
DA:198,12
DA:200,12
DA:201,12
DA:202,12
DA:203,12
DA:204,12
DA:205,47
DA:207,47
DA:208,4
DA:209,4
DA:210,4
DA:211,4
DA:212,47
DA:214,47
DA:215,0
DA:216,47
DA:218,47
DA:219,47
DA:220,47
DA:222,47
DA:224,47
DA:225,47
DA:226,47
DA:227,47
DA:228,47
DA:229,47
DA:230,47
DA:231,47
DA:232,47
DA:233,47
DA:235,47
DA:236,47
DA:237,47
DA:238,47
DA:240,47
DA:241,47
DA:243,47
DA:244,47
DA:245,47
DA:246,47
DA:247,47
DA:248,47
DA:249,47
DA:250,47
DA:252,47
DA:253,47
DA:254,47
DA:255,47
DA:256,47
DA:257,47
DA:259,47
DA:261,47
DA:262,12
DA:263,12
DA:264,12
DA:265,12
DA:266,12
DA:267,12
DA:268,12
DA:271,47
DA:272,47
DA:274,47
DA:275,47
DA:276,47
DA:277,47
DA:278,47
DA:279,47
DA:280,47
DA:282,47
DA:283,47
DA:284,47
DA:286,47
DA:295,13
DA:296,13
DA:297,13
DA:299,13
DA:300,3
DA:301,3
DA:302,3
DA:303,1
DA:304,3
DA:305,2
DA:306,2
DA:307,3
DA:308,3
DA:309,3
DA:311,13
DA:312,1
DA:313,1
DA:314,1
DA:315,1
DA:316,1
DA:317,1
DA:318,1
DA:319,1
DA:320,1
DA:321,1
DA:322,1
DA:323,1
DA:324,1
DA:325,1
DA:326,1
DA:327,1
DA:328,1
DA:329,1
DA:330,1
DA:331,1
DA:333,13
DA:334,13
DA:335,13
DA:337,13
DA:338,13
DA:340,13
DA:341,13
DA:342,52
DA:343,52
DA:344,52
DA:345,52
DA:346,52
DA:347,52
DA:348,52
DA:349,52
DA:350,52
DA:351,52
DA:353,52
DA:354,52
DA:355,52
DA:356,52
DA:357,52
DA:358,13
DA:359,13
DA:361,13
DA:362,13
DA:364,13
DA:365,13
DA:366,13
DA:367,13
DA:368,13
DA:369,13
DA:371,13
DA:372,13
DA:373,13
DA:374,13
DA:375,13
DA:376,13
DA:377,13
DA:379,13
DA:380,13
DA:381,13
DA:383,13
DA:392,11
DA:393,11
DA:394,11
DA:396,11
DA:397,3
DA:398,3
DA:399,3
DA:400,1
DA:401,3
DA:402,2
DA:403,2
DA:404,3
DA:405,3
DA:406,3
DA:408,11
DA:409,1
DA:410,1
DA:411,1
DA:412,1
DA:413,1
DA:414,1
DA:415,1
DA:416,1
DA:417,1
DA:418,1
DA:419,1
DA:420,1
DA:421,1
DA:422,1
DA:423,1
DA:424,1
DA:425,1
DA:427,11
DA:428,11
DA:429,11
DA:431,11
DA:432,11
DA:434,11
DA:435,11
DA:436,33
DA:437,33
DA:438,33
DA:439,33
DA:440,33
DA:441,33
DA:442,33
DA:443,33
DA:444,33
DA:445,33
DA:447,33
DA:448,33
DA:449,33
DA:450,11
DA:451,11
DA:453,11
DA:454,11
DA:456,11
DA:457,11
DA:458,11
DA:459,11
DA:460,11
DA:461,11
DA:463,11
DA:464,11
DA:465,11
DA:466,11
DA:467,11
DA:468,11
DA:469,11
DA:471,11
DA:472,11
DA:473,11
DA:475,11
DA:479,1
DA:480,87
DA:481,87
DA:483,87
DA:484,87
DA:485,18
DA:486,18
DA:487,18
DA:488,18
DA:489,18
DA:490,18
DA:491,87
DA:492,87
DA:494,87
DA:495,87
DA:496,87
DA:497,24
DA:498,24
DA:500,24
DA:501,24
DA:503,24
DA:504,24
DA:505,24
DA:506,24
DA:507,24
DA:508,24
DA:510,24
DA:511,24
DA:514,87
DA:515,23
DA:516,23
DA:517,23
DA:518,23
DA:521,87
DA:522,18
DA:523,18
DA:524,18
DA:525,18
DA:528,87
DA:529,10
DA:530,10
DA:531,10
DA:532,10
DA:535,87
DA:536,8
DA:537,8
DA:538,8
DA:539,8
DA:542,87
DA:543,4
DA:544,4
DA:546,4
DA:547,4
DA:549,4
DA:550,4
DA:551,4
DA:552,4
DA:553,4
DA:554,4
DA:556,4
DA:557,4
DA:559,87
DA:561,87
LF:432
LH:416
BRDA:40,0,0,110
BRDA:119,1,0,2
BRDA:119,2,0,108
BRDA:121,3,0,48
BRDA:121,4,0,62
BRDA:132,5,0,2
BRDA:53,6,0,152
BRDA:54,7,0,0
BRDA:56,8,0,76
BRDA:57,9,0,76
BRDA:61,10,0,19
BRDA:69,11,0,76
BRDA:72,12,0,19
BRDA:75,13,0,1
BRDA:83,14,0,18
BRDA:93,15,0,57
BRDA:86,16,0,18
BRDA:164,17,0,47
BRDA:255,18,0,17
BRDA:261,19,0,12
BRDA:172,20,0,12
BRDA:173,21,0,0
BRDA:178,22,0,1
BRDA:195,23,0,0
BRDA:196,24,0,1
BRDA:196,25,0,11
BRDA:200,26,0,12
BRDA:207,27,0,4
BRDA:208,28,0,4
BRDA:209,29,0,0
BRDA:230,30,0,12
BRDA:263,31,0,12
BRDA:295,32,0,13
BRDA:299,33,0,3
BRDA:300,34,0,3
BRDA:302,35,0,1
BRDA:304,36,0,2
BRDA:311,37,0,1
BRDA:314,38,0,0
BRDA:341,39,0,52
BRDA:346,40,0,2
BRDA:346,41,0,50
BRDA:350,42,0,3
BRDA:392,43,0,11
BRDA:396,44,0,3
BRDA:397,45,0,3
BRDA:399,46,0,1
BRDA:401,47,0,2
BRDA:408,48,0,1
BRDA:411,49,0,0
BRDA:435,50,0,33
BRDA:440,51,0,2
BRDA:440,52,0,31
BRDA:444,53,0,3
BRDA:479,54,0,87
BRDA:496,55,0,24
BRDA:514,56,0,23
BRDA:521,57,0,18
BRDA:528,58,0,10
BRDA:535,59,0,8
BRDA:542,60,0,4
BRDA:484,61,0,18
BRDA:507,62,0,22
BRDA:517,63,0,1
BRDA:523,64,0,10
BRDA:524,65,0,1
BRDA:530,66,0,8
BRDA:537,67,0,4
BRF:68
BRH:62
end_of_record
TN:
SF:src\hooks\useInactivityTimer.ts
FN:8,useInactivityTimer
FN:17,reset
FNF:2
FNH:2
FNDA:4,useInactivityTimer
FNDA:7,reset
DA:1,1
DA:8,1
DA:11,4
DA:13,4
DA:14,4
DA:16,4
DA:17,4
DA:18,7
DA:19,3
DA:20,3
DA:21,7
DA:22,4
DA:23,7
DA:24,7
DA:26,4
DA:29,4
DA:32,4
DA:33,16
DA:34,16
DA:36,4
DA:37,1
DA:38,1
DA:39,1
DA:40,1
DA:41,1
DA:42,4
DA:43,4
DA:44,1
DA:45,4
DA:46,4
LF:30
LH:30
BRDA:8,0,0,4
BRDA:16,1,0,4
BRDA:32,2,0,16
BRDA:17,3,0,7
BRDA:18,4,0,3
BRDA:21,5,0,4
BRDA:36,6,0,1
BRDA:41,7,0,4
BRF:8
BRH:8
end_of_record
TN:
SF:src\services\authService.ts
FN:15,hashPin
FN:27,verifyPin
FN:39,validatePinFormat
FN:48,createSession
FN:61,touchSession
FN:76,isSessionActive
FN:89,endSession
FN:103,verifyAndRecord
FN:123,verifyPlayerPin
FN:140,changePin
FNF:10
FNH:10
FNDA:41,hashPin
FNDA:16,verifyPin
FNDA:8,validatePinFormat
FNDA:15,createSession
FNDA:4,touchSession
FNDA:35,isSessionActive
FNDA:4,endSession
FNDA:12,verifyAndRecord
FNDA:4,verifyPlayerPin
FNDA:5,changePin
DA:1,2
DA:5,2
DA:15,41
DA:16,41
DA:17,41
DA:18,41
DA:19,41
DA:20,41
DA:27,16
DA:28,16
DA:29,16
DA:30,16
DA:31,16
DA:32,16
DA:39,2
DA:40,8
DA:41,8
DA:48,2
DA:49,15
DA:50,15
DA:51,15
DA:52,15
DA:53,15
DA:54,15
DA:61,2
DA:62,4
DA:63,4
DA:64,4
DA:65,4
DA:66,4
DA:76,2
DA:77,35
DA:78,35
DA:79,35
DA:80,35
DA:81,33
DA:82,33
DA:89,2
DA:90,4
DA:91,4
DA:103,12
DA:104,12
DA:105,12
DA:106,12
DA:107,12
DA:108,12
DA:109,5
DA:110,7
DA:111,12
DA:112,12
DA:123,4
DA:124,4
DA:125,4
DA:126,4
DA:127,4
DA:128,3
DA:129,3
DA:140,5
DA:141,5
DA:142,5
DA:143,5
DA:144,5
DA:145,5
DA:146,5
DA:147,2
DA:148,2
DA:149,3
DA:150,3
DA:151,3
DA:152,3
LF:70
LH:70
BRDA:15,0,0,41
BRDA:19,1,0,22
BRDA:27,2,0,16
BRDA:39,3,0,8
BRDA:48,4,0,15
BRDA:61,5,0,4
BRDA:76,6,0,35
BRDA:80,7,0,2
BRDA:80,8,0,33
BRDA:89,9,0,4
BRDA:103,10,0,12
BRDA:108,11,0,5
BRDA:109,12,0,7
BRDA:123,13,0,4
BRDA:127,14,0,1
BRDA:127,15,0,3
BRDA:140,16,0,5
BRDA:146,17,0,2
BRDA:148,18,0,3
BRF:19
BRH:19
end_of_record
TN:
SF:src\services\leaderboardService.ts
FN:28,rankBadgeForRank
FN:42,assignRanks
FN:64,rankPlayers
FN:82,resetWeekly
FNF:4
FNH:4
FNDA:32,rankBadgeForRank
FNDA:13,assignRanks
FNDA:13,rankPlayers
FNDA:22,resetWeekly
DA:28,32
DA:29,32
DA:30,32
DA:31,32
DA:32,3
DA:33,3
DA:42,13
DA:43,13
DA:44,13
DA:45,13
DA:46,13
DA:48,13
DA:49,32
DA:51,32
DA:52,15
DA:53,15
DA:54,32
DA:55,32
DA:57,13
DA:58,13
DA:64,2
DA:65,13
DA:66,13
DA:68,13
DA:69,32
DA:70,32
DA:71,32
DA:72,32
DA:73,13
DA:75,13
DA:76,13
DA:82,2
DA:83,22
DA:84,22
DA:85,22
DA:86,22
DA:87,1
DA:88,1
DA:90,21
DA:91,21
DA:94,21
DA:95,18
DA:96,3
DA:98,22
DA:101,22
DA:102,39
DA:103,39
DA:105,39
DA:106,39
DA:107,39
DA:108,39
DA:109,39
DA:110,39
DA:111,22
DA:113,22
DA:115,22
DA:116,22
LF:57
LH:57
BRDA:28,0,0,32
BRDA:29,1,0,16
BRDA:30,2,0,8
BRDA:31,3,0,5
BRDA:31,4,0,3
BRDA:42,5,0,13
BRDA:48,6,0,32
BRDA:51,7,0,20
BRDA:51,8,0,15
BRDA:64,9,0,13
BRDA:65,10,0,22
BRDA:68,11,0,32
BRDA:82,12,0,22
BRDA:86,13,0,1
BRDA:88,14,0,21
BRDA:94,15,0,18
BRDA:95,16,0,3
BRDA:113,17,0,18
BRDA:113,18,0,3
BRDA:90,19,0,39
BRDA:95,20,0,34
BRDA:98,21,0,20
BRDA:101,22,0,39
BRDA:103,23,0,20
BRDA:103,24,0,20
BRDA:103,25,0,19
BRF:26
BRH:26
end_of_record
TN:
SF:src\services\questService.ts
FN:48,calculateLevel
FN:67,generateId
FN:75,claimQuest
FN:105,approveQuest
FN:166,denyQuest
FNF:5
FNH:5
FNDA:53,calculateLevel
FNDA:20,generateId
FNDA:27,claimQuest
FNDA:36,approveQuest
FNDA:14,denyQuest
DA:8,2
DA:9,2
DA:10,2
DA:11,2
DA:12,2
DA:13,2
DA:14,2
DA:15,2
DA:16,2
DA:17,2
DA:18,2
DA:19,2
DA:21,2
DA:48,2
DA:49,53
DA:51,52
DA:52,53
DA:53,171
DA:54,171
DA:55,122
DA:56,162
DA:57,49
DA:58,49
DA:59,171
DA:60,52
DA:61,52
DA:67,20
DA:68,20
DA:69,20
DA:75,2
DA:76,27
DA:77,2
DA:78,2
DA:79,2
DA:80,2
DA:82,25
DA:83,5
DA:84,5
DA:85,5
DA:86,5
DA:88,20
DA:90,20
DA:91,20
DA:92,20
DA:93,20
DA:94,20
DA:95,20
DA:96,20
DA:98,20
DA:99,20
DA:105,2
DA:106,36
DA:107,36
DA:108,36
DA:109,36
DA:110,36
DA:111,1
DA:112,1
DA:113,1
DA:114,1
DA:116,36
DA:117,1
DA:118,1
DA:119,1
DA:120,1
DA:122,36
DA:123,1
DA:124,1
DA:125,1
DA:126,1
DA:128,36
DA:129,1
DA:130,1
DA:131,1
DA:132,1
DA:134,32
DA:135,32
DA:136,32
DA:137,32
DA:138,32
DA:140,32
DA:141,32
DA:142,32
DA:143,32
DA:144,32
DA:145,32
DA:146,32
DA:147,32
DA:149,32
DA:151,32
DA:152,32
DA:153,32
DA:154,32
DA:155,32
DA:156,32
DA:157,32
DA:159,32
DA:160,32
DA:166,2
DA:167,14
DA:168,1
DA:169,1
DA:170,1
DA:171,1
DA:173,14
DA:174,2
DA:175,2
DA:176,2
DA:177,2
DA:179,13
DA:180,1
DA:181,1
DA:182,1
DA:183,1
DA:185,10
DA:186,10
DA:188,10
DA:189,10
LF:118
LH:118
BRDA:67,0,0,20
BRDA:75,1,0,27
BRDA:76,2,0,2
BRDA:82,3,0,5
BRDA:48,4,0,53
BRDA:49,5,0,1
BRDA:49,6,0,52
BRDA:52,7,0,171
BRDA:54,8,0,162
BRDA:54,9,0,122
BRDA:56,10,0,49
BRDA:59,11,0,52
BRDA:80,12,0,25
BRDA:86,13,0,20
BRDA:105,14,0,36
BRDA:110,15,0,1
BRDA:114,16,0,35
BRDA:116,17,0,1
BRDA:120,18,0,34
BRDA:122,19,0,1
BRDA:126,20,0,33
BRDA:128,21,0,1
BRDA:132,22,0,32
BRDA:166,23,0,14
BRDA:167,24,0,1
BRDA:171,25,0,13
BRDA:173,26,0,2
BRDA:177,27,0,13
BRDA:177,28,0,11
BRDA:179,29,0,1
BRDA:183,30,0,10
BRF:31
BRH:31
end_of_record
TN:
SF:src\services\rewardService.ts
FN:26,generateId
FN:30,assertRewardIsActive
FN:38,assertRewardInStock
FN:46,assertRewardNotExpired
FN:54,assertSufficientCoins
FN:66,redeemReward
FN:98,fulfillRedemption
FNF:7
FNH:7
FNDA:18,generateId
FNDA:24,assertRewardIsActive
FNDA:23,assertRewardInStock
FNDA:21,assertRewardNotExpired
FNDA:20,assertSufficientCoins
FNDA:24,redeemReward
FNDA:10,fulfillRedemption
DA:26,18
DA:27,18
DA:28,18
DA:30,24
DA:31,24
DA:32,1
DA:33,1
DA:34,1
DA:35,1
DA:36,24
DA:38,23
DA:39,23
DA:40,2
DA:41,2
DA:42,2
DA:43,2
DA:44,23
DA:46,21
DA:47,21
DA:48,1
DA:49,1
DA:50,1
DA:51,1
DA:52,21
DA:54,20
DA:55,20
DA:56,2
DA:57,2
DA:58,2
DA:59,2
DA:60,20
DA:66,2
DA:67,24
DA:68,24
DA:69,24
DA:70,24
DA:72,24
DA:73,24
DA:74,24
DA:76,24
DA:78,24
DA:79,24
DA:80,24
DA:81,24
DA:83,24
DA:84,24
DA:85,24
DA:86,24
DA:87,24
DA:88,24
DA:89,24
DA:91,24
DA:92,24
DA:98,2
DA:99,10
DA:100,1
DA:101,1
DA:102,1
DA:103,1
DA:105,10
DA:106,2
DA:107,2
DA:108,2
DA:109,2
DA:111,7
DA:112,7
DA:113,7
DA:114,7
DA:115,7
DA:117,7
DA:118,7
LF:71
LH:71
BRDA:26,0,0,18
BRDA:30,1,0,24
BRDA:31,2,0,1
BRDA:38,3,0,23
BRDA:39,4,0,2
BRDA:46,5,0,21
BRDA:47,6,0,2
BRDA:47,7,0,1
BRDA:54,8,0,20
BRDA:55,9,0,2
BRDA:66,10,0,24
BRDA:80,11,0,12
BRDA:80,12,0,6
BRDA:98,13,0,10
BRDA:99,14,0,1
BRDA:103,15,0,9
BRDA:105,16,0,2
BRDA:109,17,0,7
BRF:18
BRH:18
end_of_record
TN:
SF:src\services\streakService.ts
FN:17,isOnARoll
FN:27,daysBetween
FN:47,updateStreak
FNF:3
FNH:3
FNDA:43,isOnARoll
FNDA:31,daysBetween
FNDA:38,updateStreak
DA:17,2
DA:18,43
DA:19,43
DA:27,2
DA:28,31
DA:29,31
DA:30,31
DA:31,31
DA:32,31
DA:47,2
DA:48,38
DA:49,38
DA:50,38
DA:51,38
DA:54,38
DA:55,3
DA:56,3
DA:57,3
DA:58,3
DA:59,3
DA:60,3
DA:63,35
DA:64,31
DA:65,4
DA:67,38
DA:68,38
DA:69,12
DA:70,23
DA:72,38
DA:74,38
DA:75,38
DA:76,38
DA:77,38
DA:78,38
DA:79,38
DA:81,38
DA:82,38
DA:83,38
DA:84,38
DA:85,38
DA:86,38
LF:41
LH:41
BRDA:17,0,0,43
BRDA:27,1,0,31
BRDA:47,2,0,38
BRDA:54,3,0,3
BRDA:60,4,0,35
BRDA:63,5,0,31
BRDA:64,6,0,4
BRDA:68,7,0,31
BRDA:68,8,0,12
BRDA:69,9,0,23
BRDA:72,10,0,14
BRDA:72,11,0,21
BRF:12
BRH:12
end_of_record
TN:
SF:src\state\localStorage.ts
FN:24,saveState
FN:39,reviveDateString
FN:49,reviveDates
FN:133,hasRequiredKeys
FN:143,loadState
FNF:5
FNH:5
FNDA:108,saveState
FNDA:16,reviveDateString
FNDA:13,reviveDates
FNDA:16,hasRequiredKeys
FNDA:18,loadState
DA:7,1
DA:10,1
DA:11,1
DA:12,1
DA:13,1
DA:14,1
DA:15,1
DA:16,1
DA:17,1
DA:18,1
DA:24,1
DA:25,108
DA:26,108
DA:27,108
DA:28,108
DA:30,0
DA:31,108
DA:39,16
DA:40,16
DA:41,16
DA:42,16
DA:43,0
DA:44,0
DA:49,13
DA:51,13
DA:52,13
DA:53,2
DA:54,2
DA:55,2
DA:56,2
DA:57,2
DA:58,2
DA:59,0
DA:60,13
DA:61,0
DA:64,13
DA:65,13
DA:66,2
DA:67,2
DA:68,2
DA:69,0
DA:70,13
DA:71,0
DA:74,13
DA:75,13
DA:76,2
DA:77,2
DA:78,2
DA:79,1
DA:80,1
DA:81,13
DA:82,0
DA:85,13
DA:86,13
DA:87,3
DA:88,3
DA:89,2
DA:90,1
DA:91,13
DA:92,0
DA:95,13
DA:96,13
DA:97,3
DA:98,3
DA:99,3
DA:100,2
DA:101,1
DA:102,13
DA:103,0
DA:106,13
DA:107,13
DA:108,13
DA:109,1
DA:110,1
DA:111,1
DA:112,1
DA:113,1
DA:114,1
DA:115,1
DA:116,12
DA:118,13
DA:119,13
DA:120,13
DA:121,13
DA:122,13
DA:123,13
DA:124,13
DA:125,13
DA:126,13
DA:127,13
DA:133,16
DA:134,16
DA:135,16
DA:136,16
DA:137,16
DA:143,1
DA:144,18
DA:145,18
DA:146,18
DA:148,17
DA:150,18
DA:152,13
DA:153,18
DA:154,1
DA:155,1
DA:156,18
LF:106
LH:96
BRDA:24,0,0,108
BRDA:28,1,0,0
BRDA:39,2,0,16
BRDA:42,3,0,0
BRDA:49,4,0,13
BRDA:60,5,0,0
BRDA:70,6,0,0
BRDA:81,7,0,0
BRDA:91,8,0,0
BRDA:102,9,0,0
BRDA:108,10,0,1
BRDA:108,11,0,1
BRDA:115,12,0,12
BRDA:52,13,0,2
BRDA:58,14,0,0
BRDA:55,15,0,2
BRDA:65,16,0,2
BRDA:68,17,0,0
BRDA:75,18,0,2
BRDA:78,19,0,1
BRDA:79,20,0,1
BRDA:86,21,0,3
BRDA:88,22,0,2
BRDA:89,23,0,1
BRDA:96,24,0,3
BRDA:99,25,0,2
BRDA:100,26,0,1
BRDA:133,27,0,16
BRDA:134,28,0,0
BRDA:136,29,0,95
BRDA:143,30,0,18
BRDA:146,31,0,1
BRDA:146,32,0,17
BRDA:150,33,0,3
BRDA:150,34,0,13
BRDA:153,35,0,1
BRF:36
BRH:26
end_of_record
TN:
SF:src\state\reducer.ts
FN:26,gameReducer
FNF:1
FNH:1
FNDA:98,gameReducer
DA:1,2
DA:12,2
DA:13,2
DA:14,2
DA:15,2
DA:16,2
DA:17,2
DA:18,2
DA:19,2
DA:20,2
DA:26,2
DA:27,98
DA:31,98
DA:32,1
DA:37,98
DA:38,6
DA:39,6
DA:41,5
DA:42,6
DA:44,5
DA:45,5
DA:46,5
DA:47,5
DA:48,5
DA:49,5
DA:50,5
DA:51,6
DA:52,2
DA:53,2
DA:54,6
DA:59,98
DA:60,16
DA:61,14
DA:62,16
DA:64,13
DA:65,16
DA:67,16
DA:69,11
DA:70,16
DA:72,10
DA:73,10
DA:74,10
DA:77,10
DA:78,10
DA:79,10
DA:80,10
DA:83,10
DA:84,10
DA:87,10
DA:88,14
DA:89,7
DA:90,3
DA:92,16
DA:93,16
DA:94,16
DA:95,16
DA:96,16
DA:97,16
DA:98,16
DA:99,0
DA:100,0
DA:101,16
DA:106,98
DA:107,6
DA:108,4
DA:109,6
DA:111,3
DA:112,6
DA:114,3
DA:115,3
DA:116,3
DA:117,3
DA:118,3
DA:119,3
DA:120,3
DA:121,6
DA:122,1
DA:123,1
DA:124,6
DA:129,98
DA:130,10
DA:131,10
DA:133,9
DA:134,10
DA:136,8
DA:137,8
DA:138,8
DA:139,8
DA:140,8
DA:141,8
DA:142,8
DA:143,8
DA:144,8
DA:145,10
DA:146,2
DA:147,2
DA:148,10
DA:153,98
DA:154,7
DA:155,5
DA:156,7
DA:158,7
DA:160,3
DA:161,3
DA:162,3
DA:163,3
DA:164,3
DA:165,2
DA:166,3
DA:167,3
DA:168,7
DA:169,1
DA:170,1
DA:171,7
DA:176,98
DA:177,3
DA:178,3
DA:179,3
DA:180,3
DA:181,3
DA:182,3
DA:183,3
DA:184,0
DA:185,0
DA:186,3
DA:191,98
DA:192,2
DA:197,98
DA:198,2
DA:199,1
DA:200,1
DA:201,1
DA:202,1
DA:203,1
DA:208,98
DA:209,2
DA:210,1
DA:211,1
DA:212,1
DA:213,1
DA:214,1
DA:219,98
DA:222,24
DA:223,4
DA:224,4
DA:225,22
DA:226,22
DA:231,98
DA:232,16
DA:233,16
DA:234,16
DA:235,16
DA:240,98
DA:241,3
DA:242,98
DA:243,98
LF:156
LH:152
BRDA:26,0,0,98
BRDA:31,1,0,1
BRDA:37,2,0,6
BRDA:39,3,0,1
BRDA:42,4,0,0
BRDA:51,5,0,2
BRDA:59,6,0,16
BRDA:106,7,0,6
BRDA:129,8,0,10
BRDA:131,9,0,1
BRDA:134,10,0,1
BRDA:145,11,0,2
BRDA:153,12,0,7
BRDA:176,13,0,3
BRDA:191,14,0,2
BRDA:197,15,0,2
BRDA:208,16,0,2
BRDA:219,17,0,24
BRDA:222,18,0,4
BRDA:231,19,0,16
BRDA:240,20,0,3
BRDA:38,21,0,5
BRDA:41,22,0,5
BRDA:48,23,0,3
BRDA:48,24,0,0
BRDA:130,25,0,10
BRDA:133,26,0,8
BRDA:141,27,0,6
BRDA:141,28,0,0
BRDA:142,29,0,10
BRDA:142,30,0,6
BRDA:142,31,0,4
BRDA:39,32,0,5
BRDA:42,33,0,5
BRDA:60,34,0,15
BRDA:60,35,0,2
BRDA:60,36,0,14
BRDA:62,37,0,1
BRDA:62,38,0,13
BRDA:65,39,0,1
BRDA:65,40,0,12
BRDA:67,41,0,1
BRDA:67,42,0,11
BRDA:70,43,0,14
BRDA:70,44,0,1
BRDA:70,45,0,10
BRDA:88,46,0,4
BRDA:88,47,0,7
BRDA:89,48,0,3
BRDA:98,49,0,0
BRDA:107,50,0,5
BRDA:107,51,0,2
BRDA:107,52,0,4
BRDA:109,53,0,5
BRDA:109,54,0,1
BRDA:109,55,0,3
BRDA:112,56,0,0
BRDA:112,57,0,3
BRDA:121,58,0,1
BRDA:131,59,0,9
BRDA:134,60,0,8
BRDA:154,61,0,6
BRDA:154,62,0,2
BRDA:154,63,0,5
BRDA:156,64,0,1
BRDA:156,65,0,4
BRDA:158,66,0,5
BRDA:158,67,0,1
BRDA:158,68,0,3
BRDA:168,69,0,1
BRDA:183,70,0,0
BRDA:198,71,0,1
BRDA:209,72,0,1
BRDA:222,73,0,22
BRDA:223,74,0,3
BRDA:223,75,0,2
BRDA:61,76,0,13
BRDA:64,77,0,12
BRDA:69,78,0,10
BRDA:94,79,0,10
BRDA:94,80,0,0
BRDA:95,81,0,10
BRDA:95,82,0,0
BRDA:96,83,0,10
BRDA:96,84,0,0
BRDA:108,85,0,3
BRDA:111,86,0,3
BRDA:118,87,0,2
BRDA:118,88,0,0
BRDA:119,89,0,2
BRDA:119,90,0,0
BRDA:155,91,0,4
BRDA:164,92,0,2
BRDA:165,93,0,0
BRF:94
BRH:82
end_of_record
TN:
SF:src\utils\avatarUtils.ts
FN:19,getAvatarEmoji
FNF:1
FNH:1
FNDA:208,getAvatarEmoji
DA:1,2
DA:2,2
DA:3,2
DA:4,2
DA:5,2
DA:6,2
DA:7,2
DA:8,2
DA:9,2
DA:10,2
DA:11,2
DA:12,2
DA:13,2
DA:14,2
DA:19,2
DA:20,208
DA:21,208
LF:17
LH:17
BRDA:19,0,0,208
BRDA:20,1,0,2
BRDA:20,2,0,206
BRDA:20,3,0,2484
BRF:4
BRH:4
end_of_record
TN:
SF:src\utils\playerUtils.ts
FN:23,getLevelTitle
FN:41,getXpProgress
FNF:2
FNH:2
FNDA:64,getLevelTitle
FNDA:42,getXpProgress
DA:4,2
DA:5,2
DA:6,2
DA:7,2
DA:8,2
DA:9,2
DA:10,2
DA:11,2
DA:12,2
DA:13,2
DA:14,2
DA:15,2
DA:18,2
DA:23,2
DA:24,64
DA:25,64
DA:27,64
DA:28,64
DA:41,2
DA:42,42
DA:43,42
DA:45,42
DA:47,42
DA:48,3
DA:49,3
DA:50,3
DA:51,3
DA:52,3
DA:53,3
DA:54,3
DA:55,3
DA:57,42
DA:58,42
DA:60,42
DA:61,42
DA:63,42
DA:64,42
DA:65,42
DA:66,42
DA:67,42
DA:68,42
DA:69,42
DA:70,42
LF:43
LH:43
BRDA:23,0,0,64
BRDA:27,1,0,0
BRDA:41,2,0,42
BRDA:45,3,0,1
BRDA:47,4,0,3
BRDA:55,5,0,39
BRDA:57,6,0,0
BRDA:60,7,0,38
BRDA:60,8,0,1
BRDA:47,9,0,41
BRF:10
BRH:8
end_of_record
TN:
SF:src\utils\questFilters.ts
FN:32,filterQuests
FN:58,sortQuests
FN:97,applyFiltersAndSort
FN:109,getUniqueCategories
FNF:4
FNH:4
FNDA:38,filterQuests
FNDA:37,sortQuests
FNDA:30,applyFiltersAndSort
FNDA:31,getUniqueCategories
DA:21,2
DA:22,2
DA:23,2
DA:24,2
DA:25,2
DA:26,2
DA:32,2
DA:33,38
DA:34,38
DA:35,38
DA:36,38
DA:37,95
DA:38,26
DA:39,26
DA:40,95
DA:41,6
DA:42,6
DA:43,95
DA:44,6
DA:45,6
DA:46,3
DA:47,3
DA:48,6
DA:49,60
DA:50,38
DA:51,38
DA:58,2
DA:59,37
DA:60,37
DA:61,37
DA:62,37
DA:63,28
DA:64,28
DA:66,9
DA:67,49
DA:69,49
DA:70,49
DA:71,19
DA:72,19
DA:73,49
DA:74,8
DA:75,8
DA:76,49
DA:77,7
DA:78,7
DA:79,49
DA:80,8
DA:81,8
DA:82,49
DA:83,7
DA:84,7
DA:85,49
DA:87,49
DA:89,49
DA:90,9
DA:91,9
DA:97,2
DA:98,30
DA:99,30
DA:100,30
DA:101,30
DA:102,30
DA:103,30
DA:109,2
DA:110,31
DA:111,31
DA:112,55
DA:113,55
DA:114,31
DA:115,31
LF:70
LH:70
BRDA:32,0,0,38
BRDA:36,1,0,95
BRDA:37,2,0,40
BRDA:37,3,0,26
BRDA:39,4,0,69
BRDA:40,5,0,11
BRDA:40,6,0,6
BRDA:42,7,0,63
BRDA:43,8,0,6
BRDA:48,9,0,60
BRDA:58,10,0,37
BRDA:62,11,0,28
BRDA:64,12,0,9
BRDA:66,13,0,49
BRDA:73,14,0,8
BRDA:76,15,0,7
BRDA:79,16,0,8
BRDA:82,17,0,7
BRDA:87,18,0,44
BRDA:89,19,0,8
BRDA:97,20,0,30
BRDA:109,21,0,31
BRDA:111,22,0,55
BRDA:114,23,0,18
BRDA:45,24,0,3
BRDA:70,25,0,19
BRDA:87,26,0,41
BRDA:87,27,0,8
BRDA:89,28,0,0
BRDA:89,29,0,0
BRF:30
BRH:28
end_of_record
